Build started 6/17/2018 3:43:19 PM.
     1>Project "C:\Users\pc\Desktop\DA-KTLT2-HoVanQuyen\KTLT2-DA\KTLT2-DA\KTLT2-DA.vcxproj" on node 2 (build target(s)).
     1>InitializeBuildStatus:
         Creating "Debug\KTLT2-DA.unsuccessfulbuild" because "AlwaysCreate" was specified.
       ClCompile:
         C:\Program Files (x86)\Microsoft Visual Studio 10.0\VC\bin\CL.exe /c /ZI /nologo /W3 /WX- /Od /Oy- /D _CRT_SECURE_NO_WARNINGS /D _MBCS /Gm /EHsc /RTC1 /MDd /GS /fp:precise /Zc:wchar_t /Zc:forScope /Fo"Debug\\" /Fd"Debug\vc100.pdb" /Gd /TP /analyze- /errorReport:prompt Main.cpp
         Main.cpp
     1>c:\users\pc\desktop\da-ktlt2-hovanquyen\ktlt2-da\ktlt2-da\phieumuon.h(60): warning C4520: 'PhieuMuon' : multiple default constructors specified
     1>c:\users\pc\desktop\da-ktlt2-hovanquyen\ktlt2-da\ktlt2-da\main.cpp(1107): warning C4996: 'getch': The POSIX name for this item is deprecated. Instead, use the ISO C++ conformant name: _getch. See online help for details.
                 c:\program files (x86)\microsoft visual studio 10.0\vc\include\conio.h(128) : see declaration of 'getch'
       Link:
         C:\Program Files (x86)\Microsoft Visual Studio 10.0\VC\bin\link.exe /ERRORREPORT:PROMPT /OUT:"C:\Users\pc\Desktop\DA-KTLT2-HoVanQuyen\KTLT2-DA\Debug\KTLT2-DA.exe" /NOLOGO opengl32.lib kernel32.lib user32.lib gdi32.lib winspool.lib comdlg32.lib advapi32.lib shell32.lib ole32.lib oleaut32.lib uuid.lib odbc32.lib odbccp32.lib /MANIFEST /ManifestFile:"Debug\KTLT2-DA.exe.intermediate.manifest" /MANIFESTUAC:"level='asInvoker' uiAccess='false'" /DEBUG /PDB:"C:\Users\pc\Desktop\DA-KTLT2-HoVanQuyen\KTLT2-DA\Debug\KTLT2-DA.pdb" /TLBID:1 /DYNAMICBASE /NXCOMPAT /IMPLIB:"C:\Users\pc\Desktop\DA-KTLT2-HoVanQuyen\KTLT2-DA\Debug\KTLT2-DA.lib" /MACHINE:X86 Debug\Admin.obj
         Debug\BanDoc.obj
         Debug\Date.obj
         Debug\GiaoVien.obj
         Debug\Main.obj
         Debug\PhieuMuon.obj
         Debug\Sach.obj
         Debug\SinhVien.obj
         LINK : C:\Users\pc\Desktop\DA-KTLT2-HoVanQuyen\KTLT2-DA\Debug\KTLT2-DA.exe not found or not built by the last incremental link; performing full link
         KTLT2-DA.vcxproj -> C:\Users\pc\Desktop\DA-KTLT2-HoVanQuyen\KTLT2-DA\Debug\KTLT2-DA.exe
       Manifest:
         C:\Program Files (x86)\Microsoft SDKs\Windows\v7.0A\bin\mt.exe /nologo /verbose /outputresource:"C:\Users\pc\Desktop\DA-KTLT2-HoVanQuyen\KTLT2-DA\Debug\KTLT2-DA.exe;#1" /manifest "Debug\KTLT2-DA.exe.intermediate.manifest"
       FinalizeBuildStatus:
         Deleting file "Debug\KTLT2-DA.unsuccessfulbuild".
         Touching "Debug\KTLT2-DA.lastbuildstate".
     1>Done Building Project "C:\Users\pc\Desktop\DA-KTLT2-HoVanQuyen\KTLT2-DA\KTLT2-DA\KTLT2-DA.vcxproj" (build target(s)).

Build succeeded.

Time Elapsed 00:00:05.49
